<?xml version="1.0" encoding="UTF-8"?>
<!-- Generated by org.testng.reporters.JUnitXMLReporter -->
<testsuite hostname="DESKTOP-LE78F7L" ignored="0" name="Default test" tests="4" failures="0" timestamp="2020-12-08T09:26:41 IST" time="39.994" errors="0">
  <testcase name="validateLoginPOMTest" time="1.861" classname="testscripts.regression.ValidateLoginPOM"/>
  <testcase name="validateLoginPOMTest" time="0.713" classname="testscripts.regression.ValidateLoginPOM"/>
  <testcase name="validateLoginPOMTest" time="0.741" classname="testscripts.regression.ValidateLoginPOM"/>
  <testcase name="validateLoginPOMTest" time="0.691" classname="testscripts.regression.ValidateLoginPOM"/>
</testsuite> <!-- Default test -->
