<?xml version="1.0" encoding="UTF-8"?>
<!-- Generated by org.testng.reporters.JUnitXMLReporter -->
<testsuite hostname="DESKTOP-LE78F7L" ignored="0" name="Test" tests="4" failures="0" timestamp="2020-12-19T09:36:26 IST" time="45.989" errors="0">
  <testcase name="validateLoginPOMTest" time="2.147" classname="testscripts.regression.ValidateLoginPOM"/>
  <testcase name="validateLoginPOMTest" time="0.842" classname="testscripts.regression.ValidateLoginPOM"/>
  <testcase name="validateLoginPOMTest" time="0.801" classname="testscripts.regression.ValidateLoginPOM"/>
  <testcase name="validateLoginPOMTest" time="0.755" classname="testscripts.regression.ValidateLoginPOM"/>
</testsuite> <!-- Test -->
