<?xml version="1.0" encoding="UTF-8"?>
<!-- Generated by org.testng.reporters.JUnitXMLReporter -->
<testsuite hostname="DESKTOP-LE78F7L" ignored="0" name="Adactin Regression Tests" tests="5" failures="0" timestamp="2020-12-08T09:40:43 IST" time="50.691" errors="0">
  <testcase name="validateLoginPOMTest" time="1.877" classname="testscripts.regression.ValidateLoginPOM"/>
  <testcase name="validateLoginPOMTest" time="0.673" classname="testscripts.regression.ValidateLoginPOM"/>
  <testcase name="validateLoginPOMTest" time="0.715" classname="testscripts.regression.ValidateLoginPOM"/>
  <testcase name="validateLoginPOMTest" time="0.832" classname="testscripts.regression.ValidateLoginPOM"/>
  <testcase name="validateLoginPOMTest" time="1.375" classname="testscripts.regression.ValidateRegistrationPOM"/>
</testsuite> <!-- Adactin Regression Tests -->
